<?xml version="1.0" encoding="UTF-8"?>
<!-- Generated by org.testng.reporters.JUnitXMLReporter -->
<testsuite ignored="6" hostname="N-101" failures="1" tests="3" name="Default test" time="57.481" errors="0" timestamp="2020-03-11T16:34:12 ART">
  <testcase classname="search.SearchTest" name="searchByDressChangeToBlueColor" time="3.994"/>
  <testcase classname="search.SearchTest" name="searchNoResults2" time="2.595">
    <failure type="java.lang.AssertionError" message="Tiene que aprarecer expected [Si results were found for your search &amp;quot;pepito&amp;quot;] but found [No results were found for your search &amp;quot;pepito&amp;quot;]">
      <![CDATA[java.lang.AssertionError: Tiene que aprarecer expected [Si results were found for your search "pepito"] but found [No results were found for your search "pepito"]
at org.testng.Assert.fail(Assert.java:97)
at org.testng.Assert.assertEqualsImpl(Assert.java:136)
at org.testng.Assert.assertEquals(Assert.java:118)
at org.testng.Assert.assertEquals(Assert.java:575)
at search.SearchTest.searchNoResults2(SearchTest.java:86)
at java.base/jdk.internal.reflect.NativeMethodAccessorImpl.invoke0(Native Method)
at java.base/jdk.internal.reflect.NativeMethodAccessorImpl.invoke(NativeMethodAccessorImpl.java:62)
at java.base/jdk.internal.reflect.DelegatingMethodAccessorImpl.invoke(DelegatingMethodAccessorImpl.java:43)
at java.base/java.lang.reflect.Method.invoke(Method.java:567)
at org.testng.internal.MethodInvocationHelper.invokeMethod(MethodInvocationHelper.java:133)
at org.testng.internal.TestInvoker.invokeMethod(TestInvoker.java:584)
at org.testng.internal.TestInvoker.invokeTestMethod(TestInvoker.java:172)
at org.testng.internal.MethodRunner.runInSequence(MethodRunner.java:46)
at org.testng.internal.TestInvoker$MethodInvocationAgent.invoke(TestInvoker.java:804)
at org.testng.internal.TestInvoker.invokeTestMethods(TestInvoker.java:145)
at org.testng.internal.TestMethodWorker.invokeTestMethods(TestMethodWorker.java:146)
at org.testng.internal.TestMethodWorker.run(TestMethodWorker.java:128)
at java.base/java.util.ArrayList.forEach(ArrayList.java:1507)
at org.testng.TestRunner.privateRun(TestRunner.java:770)
at org.testng.TestRunner.run(TestRunner.java:591)
at org.testng.SuiteRunner.runTest(SuiteRunner.java:402)
at org.testng.SuiteRunner.runSequentially(SuiteRunner.java:396)
at org.testng.SuiteRunner.privateRun(SuiteRunner.java:355)
at org.testng.SuiteRunner.run(SuiteRunner.java:304)
at org.testng.SuiteRunnerWorker.runSuite(SuiteRunnerWorker.java:53)
at org.testng.SuiteRunnerWorker.run(SuiteRunnerWorker.java:96)
at org.testng.TestNG.runSuitesSequentially(TestNG.java:1180)
at org.testng.TestNG.runSuitesLocally(TestNG.java:1102)
at org.testng.TestNG.runSuites(TestNG.java:1032)
at org.testng.TestNG.run(TestNG.java:1000)
at org.testng.remote.AbstractRemoteTestNG.run(AbstractRemoteTestNG.java:115)
at org.testng.remote.RemoteTestNG.initAndRun(RemoteTestNG.java:251)
at org.testng.remote.RemoteTestNG.main(RemoteTestNG.java:77)
]]>
    </failure>
  </testcase> <!-- searchNoResults2 -->
  <testcase classname="search.SearchTest" name="searchOrangeShoe" time="3.767"/>
  <testcase classname="search.SearchTest" name="filterWomenResultIndex" time="0.0">
    <ignored/>
  </testcase> <!-- filterWomenResultIndex -->
  <testcase classname="search.SearchTest" name="filterWomenResultName" time="0.0">
    <ignored/>
  </testcase> <!-- filterWomenResultName -->
  <testcase classname="search.SearchTest" name="filterWomenBy" time="0.0">
    <ignored/>
  </testcase> <!-- filterWomenBy -->
  <testcase classname="search.SearchTest" name="searchCeroResults" time="0.0">
    <ignored/>
  </testcase> <!-- searchCeroResults -->
  <testcase classname="search.SearchTest" name="searchByDress" time="0.0">
    <ignored/>
  </testcase> <!-- searchByDress -->
  <testcase classname="search.SearchTest" name="searchNoResults" time="0.0">
    <ignored/>
  </testcase> <!-- searchNoResults -->
</testsuite> <!-- Default test -->
